# JRE version: Java(TM) SE Runtime Environment (8.0_121-b13) (build 1.8.0_121-b13)
# Java VM: Java HotSpot(TM) 64-Bit Server VM (25.121-b13 mixed mode bsd-amd64 compressed oops)
Heap:
 PSYoungGen      total 308224K, used 82139K [0x0000000795580000, 0x00000007acf00000, 0x00000007c0000000)
  eden space 261120K, 13% used [0x0000000795580000,0x00000007977bc928,0x00000007a5480000)
  from space 47104K, 99% used [0x00000007aa100000,0x00000007acefa6d0,0x00000007acf00000)
  to   space 56320K, 0% used [0x00000007a6100000,0x00000007a6100000,0x00000007a9800000)
 ParOldGen       total 158208K, used 84475K [0x0000000740000000, 0x0000000749a80000, 0x0000000795580000)
  object space 158208K, 53% used [0x0000000740000000,0x000000074527ef58,0x0000000749a80000)
 Metaspace       used 40173K, capacity 40623K, committed 40960K, reserved 1085440K
  class space    used 5200K, capacity 5365K, committed 5376K, reserved 1048576K
GC Heap History (10 events):
Event: 8.099 GC heap before
{Heap before GC invocations=10 (full 2):
 PSYoungGen      total 268800K, used 12259K [0x0000000795580000, 0x00000007a8a00000, 0x00000007c0000000)
  eden space 246272K, 0% used [0x0000000795580000,0x0000000795580000,0x00000007a4600000)
  from space 22528K, 54% used [0x00000007a5b80000,0x00000007a6778fa0,0x00000007a7180000)
  to   space 22016K, 0% used [0x00000007a4600000,0x00000007a4600000,0x00000007a5b80000)
 ParOldGen       total 113152K, used 37601K [0x0000000740000000, 0x0000000746e80000, 0x0000000795580000)
  object space 113152K, 33% used [0x0000000740000000,0x00000007424b8598,0x0000000746e80000)
 Metaspace       used 34748K, capacity 35035K, committed 35416K, reserved 1079296K
  class space    used 4642K, capacity 4748K, committed 4864K, reserved 1048576K
Event: 8.301 GC heap after
Heap after GC invocations=10 (full 2):
 PSYoungGen      total 268800K, used 0K [0x0000000795580000, 0x00000007a8a00000, 0x00000007c0000000)
  eden space 246272K, 0% used [0x0000000795580000,0x0000000795580000,0x00000007a4600000)
  from space 22528K, 0% used [0x00000007a5b80000,0x00000007a5b80000,0x00000007a7180000)
  to   space 22016K, 0% used [0x00000007a4600000,0x00000007a4600000,0x00000007a5b80000)
 ParOldGen       total 158208K, used 42152K [0x0000000740000000, 0x0000000749a80000, 0x0000000795580000)
  object space 158208K, 26% used [0x0000000740000000,0x000000074292a3e0,0x0000000749a80000)
 Metaspace       used 34748K, capacity 35035K, committed 35416K, reserved 1079296K
  class space    used 4642K, capacity 4748K, committed 4864K, reserved 1048576K
}
Event: 243.481 GC heap before
{Heap before GC invocations=11 (full 2):
 PSYoungGen      total 268800K, used 246272K [0x0000000795580000, 0x00000007a8a00000, 0x00000007c0000000)
  eden space 246272K, 100% used [0x0000000795580000,0x00000007a4600000,0x00000007a4600000)
  from space 22528K, 0% used [0x00000007a5b80000,0x00000007a5b80000,0x00000007a7180000)
  to   space 22016K, 0% used [0x00000007a4600000,0x00000007a4600000,0x00000007a5b80000)
 ParOldGen       total 158208K, used 42152K [0x0000000740000000, 0x0000000749a80000, 0x0000000795580000)
  object space 158208K, 26% used [0x0000000740000000,0x000000074292a3e0,0x0000000749a80000)
 Metaspace       used 38473K, capacity 38863K, committed 39296K, reserved 1083392K
  class space    used 5089K, capacity 5230K, committed 5248K, reserved 1048576K
Event: 243.526 GC heap after
Heap after GC invocations=11 (full 2):
 PSYoungGen      total 268288K, used 21960K [0x0000000795580000, 0x00000007a9500000, 0x00000007c0000000)
  eden space 246272K, 0% used [0x0000000795580000,0x0000000795580000,0x00000007a4600000)
  from space 22016K, 99% used [0x00000007a4600000,0x00000007a5b720e0,0x00000007a5b80000)
  to   space 25088K, 0% used [0x00000007a7c80000,0x00000007a7c80000,0x00000007a9500000)
 ParOldGen       total 158208K, used 42160K [0x0000000740000000, 0x0000000749a80000, 0x0000000795580000)
  object space 158208K, 26% used [0x0000000740000000,0x000000074292c3e0,0x0000000749a80000)
 Metaspace       used 38473K, capacity 38863K, committed 39296K, reserved 1083392K
  class space    used 5089K, capacity 5230K, committed 5248K, reserved 1048576K
}
Event: 436.879 GC heap before
{Heap before GC invocations=12 (full 2):
 PSYoungGen      total 268288K, used 268232K [0x0000000795580000, 0x00000007a9500000, 0x00000007c0000000)
  eden space 246272K, 100% used [0x0000000795580000,0x00000007a4600000,0x00000007a4600000)
  from space 22016K, 99% used [0x00000007a4600000,0x00000007a5b720e0,0x00000007a5b80000)
  to   space 25088K, 0% used [0x00000007a7c80000,0x00000007a7c80000,0x00000007a9500000)
 ParOldGen       total 158208K, used 42160K [0x0000000740000000, 0x0000000749a80000, 0x0000000795580000)
  object space 158208K, 26% used [0x0000000740000000,0x000000074292c3e0,0x0000000749a80000)
 Metaspace       used 38869K, capacity 39297K, committed 39552K, reserved 1083392K
  class space    used 5103K, capacity 5239K, committed 5248K, reserved 1048576K
Event: 436.953 GC heap after
Heap after GC invocations=12 (full 2):
 PSYoungGen      total 295936K, used 25056K [0x0000000795580000, 0x00000007a9900000, 0x00000007c0000000)
  eden space 270848K, 0% used [0x0000000795580000,0x0000000795580000,0x00000007a5e00000)
  from space 25088K, 99% used [0x00000007a7c80000,0x00000007a94f8360,0x00000007a9500000)
  to   space 30208K, 0% used [0x00000007a5e00000,0x00000007a5e00000,0x00000007a7b80000)
 ParOldGen       total 158208K, used 46444K [0x0000000740000000, 0x0000000749a80000, 0x0000000795580000)
  object space 158208K, 29% used [0x0000000740000000,0x0000000742d5b058,0x0000000749a80000)
 Metaspace       used 38869K, capacity 39297K, committed 39552K, reserved 1083392K
  class space    used 5103K, capacity 5239K, committed 5248K, reserved 1048576K
}
Event: 601.917 GC heap before
{Heap before GC invocations=13 (full 2):
 PSYoungGen      total 295936K, used 295904K [0x0000000795580000, 0x00000007a9900000, 0x00000007c0000000)
  eden space 270848K, 100% used [0x0000000795580000,0x00000007a5e00000,0x00000007a5e00000)
  from space 25088K, 99% used [0x00000007a7c80000,0x00000007a94f8360,0x00000007a9500000)
  to   space 30208K, 0% used [0x00000007a5e00000,0x00000007a5e00000,0x00000007a7b80000)
 ParOldGen       total 158208K, used 46444K [0x0000000740000000, 0x0000000749a80000, 0x0000000795580000)
  object space 158208K, 29% used [0x0000000740000000,0x0000000742d5b058,0x0000000749a80000)
 Metaspace       used 39209K, capacity 39605K, committed 39808K, reserved 1083392K
  class space    used 5110K, capacity 5247K, committed 5248K, reserved 1048576K
Event: 602.051 GC heap after
Heap after GC invocations=13 (full 2):
 PSYoungGen      total 301056K, used 30177K [0x0000000795580000, 0x00000007acf00000, 0x00000007c0000000)
  eden space 270848K, 0% used [0x0000000795580000,0x0000000795580000,0x00000007a5e00000)
  from space 30208K, 99% used [0x00000007a5e00000,0x00000007a7b78460,0x00000007a7b80000)
  to   space 47104K, 0% used [0x00000007aa100000,0x00000007aa100000,0x00000007acf00000)
 ParOldGen       total 158208K, used 79531K [0x0000000740000000, 0x0000000749a80000, 0x0000000795580000)
  object space 158208K, 50% used [0x0000000740000000,0x0000000744daad40,0x0000000749a80000)
 Metaspace       used 39209K, capacity 39605K, committed 39808K, reserved 1083392K
  class space    used 5110K, capacity 5247K, committed 5248K, reserved 1048576K
}
Event: 2333.134 GC heap before
{Heap before GC invocations=14 (full 2):
 PSYoungGen      total 301056K, used 301025K [0x0000000795580000, 0x00000007acf00000, 0x00000007c0000000)
  eden space 270848K, 100% used [0x0000000795580000,0x00000007a5e00000,0x00000007a5e00000)
  from space 30208K, 99% used [0x00000007a5e00000,0x00000007a7b78460,0x00000007a7b80000)
  to   space 47104K, 0% used [0x00000007aa100000,0x00000007aa100000,0x00000007acf00000)
 ParOldGen       total 158208K, used 79531K [0x0000000740000000, 0x0000000749a80000, 0x0000000795580000)
  object space 158208K, 50% used [0x0000000740000000,0x0000000744daad40,0x0000000749a80000)
 Metaspace       used 39819K, capacity 40215K, committed 40448K, reserved 1085440K
  class space    used 5149K, capacity 5293K, committed 5376K, reserved 1048576K
Event: 2333.244 GC heap after
Heap after GC invocations=14 (full 2):
 PSYoungGen      total 308224K, used 47081K [0x0000000795580000, 0x00000007acf00000, 0x00000007c0000000)
  eden space 261120K, 0% used [0x0000000795580000,0x0000000795580000,0x00000007a5480000)
  from space 47104K, 99% used [0x00000007aa100000,0x00000007acefa6d0,0x00000007acf00000)
  to   space 56320K, 0% used [0x00000007a6100000,0x00000007a6100000,0x00000007a9800000)
 ParOldGen       total 158208K, used 84475K [0x0000000740000000, 0x0000000749a80000, 0x0000000795580000)
  object space 158208K, 53% used [0x0000000740000000,0x000000074527ef58,0x0000000749a80000)
 Metaspace       used 39819K, capacity 40215K, committed 40448K, reserved 1085440K
  class space    used 5149K, capacity 5293K, committed 5376K, reserved 1048576K
}

